<?xml version="1.0" encoding="UTF-8"?>
<!-- Generated by org.testng.reporters.JUnitXMLReporter -->
<testsuite hostname="Ramanathans-MacBook-Pro.local" ignored="0" name="Default test" tests="3" failures="0" timestamp="01 Feb 2020 05:28:28 GMT" time="21.991" errors="0">
  <testcase name="createLeaf" time="3.253" classname="com.leafBot.testcases.TC001_LoginLogOut"/>
  <testcase name="createLeaf" time="2.833" classname="com.leafBot.testcases.TC001_LoginLogOut"/>
  <testcase name="createLeaf" time="2.885" classname="com.leafBot.testcases.TC001_LoginLogOut"/>
</testsuite> <!-- Default test -->
